<?xml version="1.0" encoding="UTF-8"?>
<testsuite xmlns:xsi="http://www.w3.org/2001/XMLSchema-instance" xsi:noNamespaceSchemaLocation="https://maven.apache.org/surefire/maven-surefire-plugin/xsd/surefire-test-report.xsd" version="3.0.2" name="com.gtl.ImageAuditTool.ImageAuditToolApplicationTests" time="6.323" tests="1" errors="0" skipped="0" failures="0">
  <properties>
[...]
</properties>
  <testcase name="contextLoads" classname="com.gtl.ImageAuditTool.ImageAuditToolApplicationTests" time="2.713">
    <system-out><![CDATA[17:30:23.709 [main] INFO org.springframework.test.context.support.AnnotationConfigContextLoaderUtils -- Could not detect default configuration classes for test class [com.gtl.ImageAuditTool.ImageAuditToolApplicationTests]: ImageAuditToolApplicationTests does not declare any static, non-private, non-final, nested classes annotated with @Configuration.
17:30:23.913 [main] INFO org.springframework.boot.test.context.SpringBootTestContextBootstrapper -- Found @SpringBootConfiguration com.gtl.ImageAuditTool.ImageAuditToolApplication for test class com.gtl.ImageAuditTool.ImageAuditToolApplicationTests

  .   ____          _            __ _ _
 /\\ / ___'_ __ _ _(_)_ __  __ _ \ \ \ \
( ( )\___ | '_ | '_| | '_ \/ _` | \ \ \ \
 \\/  ___)| |_)| | | | | || (_| |  ) ) ) )
  '  |____| .__|_| |_|_| |_\__, | / / / /
 =========|_|==============|___/=/_/_/_/

 :: Spring Boot ::                (v3.5.3)

2025-07-02T17:30:24.721+05:30  INFO 10224 --- [ImageAuditTool] [           main] c.g.I.ImageAuditToolApplicationTests     : Starting ImageAuditToolApplicationTests using Java 21.0.1 with PID 10224 (started by 19748 in D:\GTL_Trainee_19748\Sparc-Spring\ImageAuditTool)
2025-07-02T17:30:24.723+05:30  INFO 10224 --- [ImageAuditTool] [           main] c.g.I.ImageAuditToolApplicationTests     : No active profile set, falling back to 1 default profile: "default"
2025-07-02T17:30:26.398+05:30  INFO 10224 --- [ImageAuditTool] [           main] o.s.b.a.w.s.WelcomePageHandlerMapping    : Adding welcome page template: index
2025-07-02T17:30:26.893+05:30  INFO 10224 --- [ImageAuditTool] [           main] c.g.I.ImageAuditToolApplicationTests     : Started ImageAuditToolApplicationTests in 2.713 seconds (process running for 4.579)
]]></system-out>
    <system-err><![CDATA[Mockito is currently self-attaching to enable the inline-mock-maker. This will no longer work in future releases of the JDK. Please add Mockito as an agent to your build as described in Mockito's documentation: https://javadoc.io/doc/org.mockito/mockito-core/latest/org.mockito/org/mockito/Mockito.html#0.3
WARNING: A Java agent has been loaded dynamically (C:\Users\19748\.m2\repository\net\bytebuddy\byte-buddy-agent\1.17.6\byte-buddy-agent-1.17.6.jar)
WARNING: If a serviceability tool is in use, please run with -XX:+EnableDynamicAgentLoading to hide this warning
WARNING: If a serviceability tool is not in use, please run with -Djdk.instrument.traceUsage for more information
WARNING: Dynamic loading of agents will be disallowed by default in a future release
]]></system-err>
  </testcase>
</testsuite>